<?xml version="1.0" encoding="UTF-8"?>
<testsuite name="com.example.open.naver.NaverClientTest" tests="1" skipped="0" failures="0" errors="0" timestamp="2022-07-28T05:35:00" hostname="PCKDA" time="0.896">
  <properties/>
  <testcase name="searchImageTest()" classname="com.example.open.naver.NaverClientTest" time="0.896"/>
  <system-out><![CDATA[14:34:57.669 [Test worker] DEBUG org.springframework.test.context.BootstrapUtils - Instantiating CacheAwareContextLoaderDelegate from class [org.springframework.test.context.cache.DefaultCacheAwareContextLoaderDelegate]
14:34:57.680 [Test worker] DEBUG org.springframework.test.context.BootstrapUtils - Instantiating BootstrapContext using constructor [public org.springframework.test.context.support.DefaultBootstrapContext(java.lang.Class,org.springframework.test.context.CacheAwareContextLoaderDelegate)]
14:34:57.719 [Test worker] DEBUG org.springframework.test.context.BootstrapUtils - Instantiating TestContextBootstrapper for test class [com.example.open.naver.NaverClientTest] from class [org.springframework.boot.test.context.SpringBootTestContextBootstrapper]
14:34:57.732 [Test worker] INFO org.springframework.boot.test.context.SpringBootTestContextBootstrapper - Neither @ContextConfiguration nor @ContextHierarchy found for test class [com.example.open.naver.NaverClientTest], using SpringBootContextLoader
14:34:57.736 [Test worker] DEBUG org.springframework.test.context.support.AbstractContextLoader - Did not detect default resource location for test class [com.example.open.naver.NaverClientTest]: class path resource [com/example/open/naver/NaverClientTest-context.xml] does not exist
14:34:57.736 [Test worker] DEBUG org.springframework.test.context.support.AbstractContextLoader - Did not detect default resource location for test class [com.example.open.naver.NaverClientTest]: class path resource [com/example/open/naver/NaverClientTestContext.groovy] does not exist
14:34:57.737 [Test worker] INFO org.springframework.test.context.support.AbstractContextLoader - Could not detect default resource locations for test class [com.example.open.naver.NaverClientTest]: no resource found for suffixes {-context.xml, Context.groovy}.
14:34:57.737 [Test worker] INFO org.springframework.test.context.support.AnnotationConfigContextLoaderUtils - Could not detect default configuration classes for test class [com.example.open.naver.NaverClientTest]: NaverClientTest does not declare any static, non-private, non-final, nested classes annotated with @Configuration.
14:34:57.779 [Test worker] DEBUG org.springframework.test.context.support.ActiveProfilesUtils - Could not find an 'annotation declaring class' for annotation type [org.springframework.test.context.ActiveProfiles] and class [com.example.open.naver.NaverClientTest]
14:34:57.843 [Test worker] DEBUG org.springframework.context.annotation.ClassPathScanningCandidateComponentProvider - Identified candidate component class: file [C:\Users\kwon4\IdeaProjects\restaurant\build\classes\java\main\com\example\open\RestaurantApplication.class]
14:34:57.845 [Test worker] INFO org.springframework.boot.test.context.SpringBootTestContextBootstrapper - Found @SpringBootConfiguration com.example.open.RestaurantApplication for test class com.example.open.naver.NaverClientTest
14:34:57.943 [Test worker] DEBUG org.springframework.boot.test.context.SpringBootTestContextBootstrapper - @TestExecutionListeners is not present for class [com.example.open.naver.NaverClientTest]: using defaults.
14:34:57.944 [Test worker] INFO org.springframework.boot.test.context.SpringBootTestContextBootstrapper - Loaded default TestExecutionListener class names from location [META-INF/spring.factories]: [org.springframework.boot.test.autoconfigure.restdocs.RestDocsTestExecutionListener, org.springframework.boot.test.autoconfigure.web.client.MockRestServiceServerResetTestExecutionListener, org.springframework.boot.test.autoconfigure.web.servlet.MockMvcPrintOnlyOnFailureTestExecutionListener, org.springframework.boot.test.autoconfigure.web.servlet.WebDriverTestExecutionListener, org.springframework.boot.test.autoconfigure.webservices.client.MockWebServiceServerTestExecutionListener, org.springframework.boot.test.mock.mockito.MockitoTestExecutionListener, org.springframework.boot.test.mock.mockito.ResetMocksTestExecutionListener, org.springframework.test.context.web.ServletTestExecutionListener, org.springframework.test.context.support.DirtiesContextBeforeModesTestExecutionListener, org.springframework.test.context.event.ApplicationEventsTestExecutionListener, org.springframework.test.context.support.DependencyInjectionTestExecutionListener, org.springframework.test.context.support.DirtiesContextTestExecutionListener, org.springframework.test.context.transaction.TransactionalTestExecutionListener, org.springframework.test.context.jdbc.SqlScriptsTestExecutionListener, org.springframework.test.context.event.EventPublishingTestExecutionListener]
14:34:57.961 [Test worker] DEBUG org.springframework.boot.test.context.SpringBootTestContextBootstrapper - Skipping candidate TestExecutionListener [org.springframework.test.context.transaction.TransactionalTestExecutionListener] due to a missing dependency. Specify custom listener classes or make the default listener classes and their required dependencies available. Offending class: [org/springframework/transaction/interceptor/TransactionAttributeSource]
14:34:57.962 [Test worker] DEBUG org.springframework.boot.test.context.SpringBootTestContextBootstrapper - Skipping candidate TestExecutionListener [org.springframework.test.context.jdbc.SqlScriptsTestExecutionListener] due to a missing dependency. Specify custom listener classes or make the default listener classes and their required dependencies available. Offending class: [org/springframework/transaction/interceptor/TransactionAttribute]
14:34:57.962 [Test worker] INFO org.springframework.boot.test.context.SpringBootTestContextBootstrapper - Using TestExecutionListeners: [org.springframework.test.context.web.ServletTestExecutionListener@3dddbe65, org.springframework.test.context.support.DirtiesContextBeforeModesTestExecutionListener@49a64d82, org.springframework.test.context.event.ApplicationEventsTestExecutionListener@344561e0, org.springframework.boot.test.mock.mockito.MockitoTestExecutionListener@66d23e4a, org.springframework.boot.test.autoconfigure.SpringBootDependencyInjectionTestExecutionListener@36ac8a63, org.springframework.test.context.support.DirtiesContextTestExecutionListener@4d9d1b69, org.springframework.test.context.event.EventPublishingTestExecutionListener@52c8295b, org.springframework.boot.test.autoconfigure.restdocs.RestDocsTestExecutionListener@251f7d26, org.springframework.boot.test.autoconfigure.web.client.MockRestServiceServerResetTestExecutionListener@77b21474, org.springframework.boot.test.autoconfigure.web.servlet.MockMvcPrintOnlyOnFailureTestExecutionListener@52d10fb8, org.springframework.boot.test.autoconfigure.web.servlet.WebDriverTestExecutionListener@41c07648, org.springframework.boot.test.autoconfigure.webservices.client.MockWebServiceServerTestExecutionListener@1fe8d51b, org.springframework.boot.test.mock.mockito.ResetMocksTestExecutionListener@781e7326]
14:34:57.967 [Test worker] DEBUG org.springframework.test.context.support.AbstractDirtiesContextTestExecutionListener - Before test class: context [DefaultTestContext@3caa4757 testClass = NaverClientTest, testInstance = [null], testMethod = [null], testException = [null], mergedContextConfiguration = [WebMergedContextConfiguration@69c43e48 testClass = NaverClientTest, locations = '{}', classes = '{class com.example.open.RestaurantApplication}', contextInitializerClasses = '[]', activeProfiles = '{}', propertySourceLocations = '{}', propertySourceProperties = '{org.springframework.boot.test.context.SpringBootTestContextBootstrapper=true}', contextCustomizers = set[org.springframework.boot.test.autoconfigure.actuate.metrics.MetricsExportContextCustomizerFactory$DisableMetricExportContextCustomizer@40cb698e, org.springframework.boot.test.autoconfigure.properties.PropertyMappingContextCustomizer@0, org.springframework.boot.test.autoconfigure.web.servlet.WebDriverContextCustomizerFactory$Customizer@2262b621, org.springframework.boot.test.context.filter.ExcludeFilterContextCustomizer@25e2a451, org.springframework.boot.test.json.DuplicateJsonObjectContextCustomizerFactory$DuplicateJsonObjectContextCustomizer@63b1d4fa, org.springframework.boot.test.mock.mockito.MockitoContextCustomizer@0, org.springframework.boot.test.web.client.TestRestTemplateContextCustomizer@24b6b8f6, org.springframework.boot.test.context.SpringBootTestArgs@1, org.springframework.boot.test.context.SpringBootTestWebEnvironment@13df2a8c], resourceBasePath = 'src/main/webapp', contextLoader = 'org.springframework.boot.test.context.SpringBootContextLoader', parent = [null]], attributes = map['org.springframework.test.context.web.ServletTestExecutionListener.activateListener' -> true]], class annotated with @DirtiesContext [false] with mode [null].

  .   ____          _            __ _ _
 /\\ / ___'_ __ _ _(_)_ __  __ _ \ \ \ \
( ( )\___ | '_ | '_| | '_ \/ _` | \ \ \ \
 \\/  ___)| |_)| | | | | || (_| |  ) ) ) )
  '  |____| .__|_| |_|_| |_\__, | / / / /
 =========|_|==============|___/=/_/_/_/
 :: Spring Boot ::                (v2.7.2)

2022-07-28 14:34:58.365  INFO 13168 --- [    Test worker] com.example.open.naver.NaverClientTest   : Starting NaverClientTest using Java 11.0.15 on PCkda with PID 13168 (started by kwon4 in C:\Users\kwon4\IdeaProjects\restaurant)
2022-07-28 14:34:58.367  INFO 13168 --- [    Test worker] com.example.open.naver.NaverClientTest   : No active profile set, falling back to 1 default profile: "default"
2022-07-28 14:35:00.015  INFO 13168 --- [    Test worker] com.example.open.naver.NaverClientTest   : Started NaverClientTest in 2.008 seconds (JVM running for 3.773)
SearchImageRes(lastBuildDate=Thu, 28 Jul 2022 14:34:59 +0900, total=16815, start=1, display=1, items=[SearchImageRes.SearchLocalItem(title=혹시 이사진만보고 어디 돼지갈비집인지 알수있을까요? | 보배드림 자유게시판, link=https://file1.bobaedream.co.kr/bbs/freeb/2022/01/01/19/qtwk1641031473_1925313832.jpg, thumbnail=https://search.pstatic.net/sunny/?src=https://file1.bobaedream.co.kr/bbs/freeb/2022/01/01/19/qtwk1641031473_1925313832.jpg&type=b150, sizeheight=806, sizewidth=800)])
]]></system-out>
  <system-err><![CDATA[]]></system-err>
</testsuite>
